Using pre-set license
Built from '2020.2/release' branch; Version is '2020.2.2f1 (068178b99f32) revision 426360'; Using compiler version '192528614'; Build Type 'Release'
OS: 'Windows 10 Pro; OS build 19042.804; Version 2009; 64bit' Language: 'en' Physical Memory: 16330 MB
BatchMode: 1, IsHumanControllingUs: 0, StartBugReporterOnCrash: 0, Is64bit: 1, IsPro: 0

 COMMAND LINE ARGUMENTS:
C:\Program Files\Unity\Hub\Editor\2020.2.2f1\Editor\Unity.exe
-adb2
-batchMode
-noUpm
-name
AssetImportWorker0
-projectPath
C:/Users/Alex'sGaming-PC/Documents/Unity Projects/Sushi Gacha
-logFile
Logs/AssetImportWorker0.log
-srvPort
50102
Successfully changed project path to: C:/Users/Alex'sGaming-PC/Documents/Unity Projects/Sushi Gacha
C:/Users/Alex'sGaming-PC/Documents/Unity Projects/Sushi Gacha
Using Asset Import Pipeline V2.
Refreshing native plugins compatible for Editor in 40.25 ms, found 1 plugins.
Preloading 0 native plugins for Editor in 0.00 ms.
Initialize engine version: 2020.2.2f1 (068178b99f32)
[Subsystems] Discovering subsystems at path C:/Program Files/Unity/Hub/Editor/2020.2.2f1/Editor/Data/Resources/UnitySubsystems
[Subsystems] Discovering subsystems at path C:/Users/Alex'sGaming-PC/Documents/Unity Projects/Sushi Gacha/Assets
GfxDevice: creating device client; threaded=0
Direct3D:
    Version:  Direct3D 11.0 [level 11.0]
    Renderer: NVIDIA GeForce GTX 770 (ID=0x1184)
    Vendor:   
    VRAM:     2007 MB
    Driver:   27.21.14.5671
Initialize mono
Mono path[0] = 'C:/Program Files/Unity/Hub/Editor/2020.2.2f1/Editor/Data/Managed'
Mono path[1] = 'C:/Program Files/Unity/Hub/Editor/2020.2.2f1/Editor/Data/MonoBleedingEdge/lib/mono/unityjit'
Mono config path = 'C:/Program Files/Unity/Hub/Editor/2020.2.2f1/Editor/Data/MonoBleedingEdge/etc'
Using monoOptions --debugger-agent=transport=dt_socket,embedding=1,server=y,suspend=n,address=127.0.0.1:56712
Begin MonoManager ReloadAssembly
Registering precompiled unity dll's ...
Register platform support module: C:/Program Files/Unity/Hub/Editor/2020.2.2f1/Editor/Data/PlaybackEngines/WebGLSupport/UnityEditor.WebGL.Extensions.dll
Register platform support module: C:/Program Files/Unity/Hub/Editor/2020.2.2f1/Editor/Data/PlaybackEngines/WindowsStandaloneSupport/UnityEditor.WindowsStandalone.Extensions.dll
Registered in 0.002675 seconds.
Native extension for WindowsStandalone target not found
Native extension for WebGL target not found
Refreshing native plugins compatible for Editor in 42.39 ms, found 1 plugins.
Preloading 0 native plugins for Editor in 0.00 ms.
Invoked RoslynAnalysisRunner static constructor.
RoslynAnalysisRunner will not be running.
RoslynAnalysisRunner has terminated.
Mono: successfully reloaded assembly
- Completed reload, in  1.350 seconds
Platform modules already initialized, skipping
Registering precompiled user dll's ...
Registered in 0.001082 seconds.
Begin MonoManager ReloadAssembly
Native extension for WindowsStandalone target not found
Native extension for WebGL target not found
Refreshing native plugins compatible for Editor in 41.40 ms, found 1 plugins.
Preloading 0 native plugins for Editor in 0.00 ms.
Invoked RoslynAnalysisRunner static constructor.
RoslynAnalysisRunner will not be running.
RoslynAnalysisRunner has terminated.
Mono: successfully reloaded assembly
- Completed reload, in  0.985 seconds
Platform modules already initialized, skipping
========================================================================
Worker process is ready to serve import requests
Launched and connected shader compiler UnityShaderCompiler.exe after 0.06 seconds
Refreshing native plugins compatible for Editor in 0.33 ms, found 1 plugins.
Preloading 0 native plugins for Editor in 0.00 ms.
Unloading 1800 Unused Serialized files (Serialized files now loaded: 0)
System memory in use before: 84.6 MB.
System memory in use after: 84.6 MB.

Unloading 24 unused Assets to reduce memory usage. Loaded Objects now: 2243.
Total: 2.183100 ms (FindLiveObjects: 0.191400 ms CreateObjectMapping: 0.079100 ms MarkObjects: 1.762400 ms  DeleteObjects: 0.149400 ms)

========================================================================
Received Import Request.
  path: Assets/Sprites/chew_sequences/just_hat/just_hat_(chew)-4.png
  artifactKey: Guid(5aa718649a2b5b84db6b746327a9f236) Importer(815301076,1909f56bfc062723c751e8b465ee728b)
Start importing Assets/Sprites/chew_sequences/just_hat/just_hat_(chew)-4.png using Guid(5aa718649a2b5b84db6b746327a9f236) Importer(815301076,1909f56bfc062723c751e8b465ee728b)  -> (artifact id: 'e12d6a2a8e5c4db7b20c1cbb39e66ba7') in 0.139747 seconds
  Import took 0.142775 seconds .

========================================================================
Received Import Request.
  Time since last request: 0.000214 seconds.
  path: Assets/Sprites/chew_sequences/just_hat
  artifactKey: Guid(2a6e3fb481aa4e443aec595dc44de188) Importer(815301076,1909f56bfc062723c751e8b465ee728b)
Start importing Assets/Sprites/chew_sequences/just_hat using Guid(2a6e3fb481aa4e443aec595dc44de188) Importer(815301076,1909f56bfc062723c751e8b465ee728b)  -> (artifact id: '4d276228c940877f212c025ad957a065') in 0.007056 seconds
  Import took 0.010185 seconds .

========================================================================
Received Import Request.
  Time since last request: 0.000060 seconds.
  path: Assets/Sprites/chew_sequences/just_hat/just_hat_(chew)-2.png
  artifactKey: Guid(42c92016fe1cdaf4a827f07d3fdc7005) Importer(815301076,1909f56bfc062723c751e8b465ee728b)
Start importing Assets/Sprites/chew_sequences/just_hat/just_hat_(chew)-2.png using Guid(42c92016fe1cdaf4a827f07d3fdc7005) Importer(815301076,1909f56bfc062723c751e8b465ee728b)  -> (artifact id: 'cf6701d5836f4eb019a3867253305b41') in 0.026239 seconds
  Import took 0.030724 seconds .

========================================================================
Received Import Request.
  Time since last request: 0.000196 seconds.
  path: Assets/Sprites/chew_sequences/just_hat/just_hat_(chew)-9.png
  artifactKey: Guid(1ab7f6eca66de79418f8b5c271e0b87d) Importer(815301076,1909f56bfc062723c751e8b465ee728b)
Start importing Assets/Sprites/chew_sequences/just_hat/just_hat_(chew)-9.png using Guid(1ab7f6eca66de79418f8b5c271e0b87d) Importer(815301076,1909f56bfc062723c751e8b465ee728b)  -> (artifact id: '38a21be1d11824215b8fed2914e989ed') in 0.022894 seconds
  Import took 0.026450 seconds .

========================================================================
Received Import Request.
  Time since last request: 0.000190 seconds.
  path: Assets/Sprites/chew_sequences/just_hat/just_hat_(chew)-5.png
  artifactKey: Guid(aa0b918f41cb11e4c9363c3871bab18b) Importer(815301076,1909f56bfc062723c751e8b465ee728b)
Start importing Assets/Sprites/chew_sequences/just_hat/just_hat_(chew)-5.png using Guid(aa0b918f41cb11e4c9363c3871bab18b) Importer(815301076,1909f56bfc062723c751e8b465ee728b)  -> (artifact id: '1f672599fd05a8f258a6c69f56b372ee') in 0.020329 seconds
  Import took 0.023718 seconds .

========================================================================
Received Import Request.
  Time since last request: 0.000052 seconds.
  path: Assets/Sprites/chew_sequences/just_hat/just_hat_(chew)-1.png
  artifactKey: Guid(b5fd5302d8122f849b9633e3a4c3190d) Importer(815301076,1909f56bfc062723c751e8b465ee728b)
Start importing Assets/Sprites/chew_sequences/just_hat/just_hat_(chew)-1.png using Guid(b5fd5302d8122f849b9633e3a4c3190d) Importer(815301076,1909f56bfc062723c751e8b465ee728b)  -> (artifact id: '2f5c8e7eecdfb1590713992957c8235b') in 0.021096 seconds
  Import took 0.024348 seconds .

========================================================================
Received Import Request.
  Time since last request: 0.000182 seconds.
  path: Assets/Sprites/chew_sequences/just_hat/just_hat_(chew)-14.png
  artifactKey: Guid(ea3ecbe16bf1f6149aa5d07e2856279c) Importer(815301076,1909f56bfc062723c751e8b465ee728b)
Start importing Assets/Sprites/chew_sequences/just_hat/just_hat_(chew)-14.png using Guid(ea3ecbe16bf1f6149aa5d07e2856279c) Importer(815301076,1909f56bfc062723c751e8b465ee728b)  -> (artifact id: '2db2767f12b52c560d33ea244b10175e') in 0.020738 seconds
  Import took 0.023441 seconds .

========================================================================
Received Import Request.
  Time since last request: 0.000166 seconds.
  path: Assets/Sprites/chew_sequences/just_hat/just_hat_(chew)-3.png
  artifactKey: Guid(4d2b85da5a8830b488b5dcf3ba7b2123) Importer(815301076,1909f56bfc062723c751e8b465ee728b)
Start importing Assets/Sprites/chew_sequences/just_hat/just_hat_(chew)-3.png using Guid(4d2b85da5a8830b488b5dcf3ba7b2123) Importer(815301076,1909f56bfc062723c751e8b465ee728b)  -> (artifact id: 'bf9cdcebca88588782e36b775fc1d814') in 0.019942 seconds
  Import took 0.022877 seconds .

========================================================================
Received Import Request.
  Time since last request: 0.000226 seconds.
  path: Assets/Sprites/chew_sequences/just_hat/just_hat_(chew)-12.png
  artifactKey: Guid(a9e03a7979c00a941b710ddb69b6918a) Importer(815301076,1909f56bfc062723c751e8b465ee728b)
Start importing Assets/Sprites/chew_sequences/just_hat/just_hat_(chew)-12.png using Guid(a9e03a7979c00a941b710ddb69b6918a) Importer(815301076,1909f56bfc062723c751e8b465ee728b)  -> (artifact id: 'fe495a05513797be8e5c1047bdb5963a') in 0.019346 seconds
  Import took 0.022203 seconds .

========================================================================
Received Import Request.
  Time since last request: 0.000159 seconds.
  path: Assets/Sprites/chew_sequences/just_hat/just_hat_(chew)-15.png
  artifactKey: Guid(3f52ecab7dc3be04d96d246b2e34f64b) Importer(815301076,1909f56bfc062723c751e8b465ee728b)
Start importing Assets/Sprites/chew_sequences/just_hat/just_hat_(chew)-15.png using Guid(3f52ecab7dc3be04d96d246b2e34f64b) Importer(815301076,1909f56bfc062723c751e8b465ee728b)  -> (artifact id: '5fd2358d1e7ecab73a647ac7389aeff8') in 0.019284 seconds
  Import took 0.022409 seconds .

========================================================================
Received Import Request.
  Time since last request: 0.000152 seconds.
  path: Assets/Sprites/chew_sequences/just_hat/just_hat_(chew)-10.png
  artifactKey: Guid(7dd483aa144399a4dab0391a5c87a762) Importer(815301076,1909f56bfc062723c751e8b465ee728b)
Start importing Assets/Sprites/chew_sequences/just_hat/just_hat_(chew)-10.png using Guid(7dd483aa144399a4dab0391a5c87a762) Importer(815301076,1909f56bfc062723c751e8b465ee728b)  -> (artifact id: 'b0c5d11b7fa3b39bfea4713f4278b1b8') in 0.020858 seconds
  Import took 0.023883 seconds .

========================================================================
Received Import Request.
  Time since last request: 0.000156 seconds.
  path: Assets/Sprites/chew_sequences/just_hat/just_hat_(chew)-13.png
  artifactKey: Guid(dff83fa86a0502d4abbaf6676278bd19) Importer(815301076,1909f56bfc062723c751e8b465ee728b)
Start importing Assets/Sprites/chew_sequences/just_hat/just_hat_(chew)-13.png using Guid(dff83fa86a0502d4abbaf6676278bd19) Importer(815301076,1909f56bfc062723c751e8b465ee728b)  -> (artifact id: 'd3d8a7d8336595d1df252fe20d208001') in 0.020322 seconds
  Import took 0.023102 seconds .

========================================================================
Received Import Request.
  Time since last request: 0.000161 seconds.
  path: Assets/Sprites/chew_sequences/just_hat/just_hat_(chew)-17.png
  artifactKey: Guid(dd8faa6da46a9db44843795e592a080d) Importer(815301076,1909f56bfc062723c751e8b465ee728b)
Start importing Assets/Sprites/chew_sequences/just_hat/just_hat_(chew)-17.png using Guid(dd8faa6da46a9db44843795e592a080d) Importer(815301076,1909f56bfc062723c751e8b465ee728b)  -> (artifact id: 'dce2ba00dc906ff2a9496aa37485d351') in 0.019270 seconds
  Import took 0.022092 seconds .

========================================================================
Received Import Request.
  Time since last request: 0.000147 seconds.
  path: Assets/Sprites/chew_sequences/just_hat/just_hat_(chew)-11.png
  artifactKey: Guid(dc2d643518ec7c64ea128956c78dd6d0) Importer(815301076,1909f56bfc062723c751e8b465ee728b)
Start importing Assets/Sprites/chew_sequences/just_hat/just_hat_(chew)-11.png using Guid(dc2d643518ec7c64ea128956c78dd6d0) Importer(815301076,1909f56bfc062723c751e8b465ee728b)  -> (artifact id: 'e8df0aee9fcb959251f855e7f8b6c786') in 0.019739 seconds
  Import took 0.022956 seconds .

========================================================================
Received Import Request.
  Time since last request: 0.000194 seconds.
  path: Assets/Sprites/chew_sequences/just_hat/just_hat_(chew)-7.png
  artifactKey: Guid(df193a8025746324383389bbf35e888b) Importer(815301076,1909f56bfc062723c751e8b465ee728b)
Start importing Assets/Sprites/chew_sequences/just_hat/just_hat_(chew)-7.png using Guid(df193a8025746324383389bbf35e888b) Importer(815301076,1909f56bfc062723c751e8b465ee728b)  -> (artifact id: '0431bed6d84fb6b874e6c31478a5d322') in 0.018728 seconds
  Import took 0.021614 seconds .

========================================================================
Received Import Request.
  Time since last request: 0.000162 seconds.
  path: Assets/Sprites/chew_sequences/just_hat/just_hat_(chew)-6.png
  artifactKey: Guid(7a5eba690d278f14a8e4cb7ef42636c0) Importer(815301076,1909f56bfc062723c751e8b465ee728b)
Start importing Assets/Sprites/chew_sequences/just_hat/just_hat_(chew)-6.png using Guid(7a5eba690d278f14a8e4cb7ef42636c0) Importer(815301076,1909f56bfc062723c751e8b465ee728b)  -> (artifact id: '71f4731e08b231fd8db32ef7142c8eca') in 0.018946 seconds
  Import took 0.021598 seconds .

========================================================================
Received Import Request.
  Time since last request: 0.000151 seconds.
  path: Assets/Sprites/chew_sequences/just_hat/just_hat_(chew)-16.png
  artifactKey: Guid(4f14792336e876843945f9f67d7d463f) Importer(815301076,1909f56bfc062723c751e8b465ee728b)
Start importing Assets/Sprites/chew_sequences/just_hat/just_hat_(chew)-16.png using Guid(4f14792336e876843945f9f67d7d463f) Importer(815301076,1909f56bfc062723c751e8b465ee728b)  -> (artifact id: 'b0a5510ffe796df2b095b581d7b88385') in 0.019170 seconds
  Import took 0.022331 seconds .

========================================================================
Received Import Request.
  Time since last request: 0.000204 seconds.
  path: Assets/Sprites/chew_sequences/just_hat/just_hat_(chew)-8.png
  artifactKey: Guid(a8e6a865094b17c49aaf30d1e6826a91) Importer(815301076,1909f56bfc062723c751e8b465ee728b)
Start importing Assets/Sprites/chew_sequences/just_hat/just_hat_(chew)-8.png using Guid(a8e6a865094b17c49aaf30d1e6826a91) Importer(815301076,1909f56bfc062723c751e8b465ee728b)  -> (artifact id: 'e0d5b6da62a3463177156c46a892594f') in 0.018793 seconds
  Import took 0.021544 seconds .

========================================================================
Received Prepare
Registering precompiled user dll's ...
Registered in 0.001013 seconds.
Begin MonoManager ReloadAssembly
Native extension for WindowsStandalone target not found
Native extension for WebGL target not found
Refreshing native plugins compatible for Editor in 0.38 ms, found 1 plugins.
Preloading 0 native plugins for Editor in 0.00 ms.
Invoked RoslynAnalysisRunner static constructor.
RoslynAnalysisRunner will not be running.
RoslynAnalysisRunner has terminated.
Mono: successfully reloaded assembly
- Completed reload, in  0.945 seconds
Platform modules already initialized, skipping
Refreshing native plugins compatible for Editor in 0.33 ms, found 1 plugins.
Preloading 0 native plugins for Editor in 0.00 ms.
Unloading 1795 Unused Serialized files (Serialized files now loaded: 0)
System memory in use before: 87.7 MB.
System memory in use after: 87.7 MB.

Unloading 12 unused Assets to reduce memory usage. Loaded Objects now: 2252.
Total: 2.478100 ms (FindLiveObjects: 0.189700 ms CreateObjectMapping: 0.064900 ms MarkObjects: 2.068900 ms  DeleteObjects: 0.153700 ms)

========================================================================
Received Import Request.
  Time since last request: 279.024137 seconds.
  path: Assets/Animations/Gachapon
  artifactKey: Guid(80d6533bcadbe2045b01bd62dc25eee1) Importer(815301076,1909f56bfc062723c751e8b465ee728b)
Start importing Assets/Animations/Gachapon using Guid(80d6533bcadbe2045b01bd62dc25eee1) Importer(815301076,1909f56bfc062723c751e8b465ee728b)  -> (artifact id: '5fe3b61288101df9c6a103a3f4551b01') in 0.009663 seconds
  Import took 0.013109 seconds .

========================================================================
Received Import Request.
  Time since last request: 541.985703 seconds.
  path: Assets/Animations/Gachapon/Scarf.controller
  artifactKey: Guid(16412d355c1a9254da5d636e66015290) Importer(815301076,1909f56bfc062723c751e8b465ee728b)
Start importing Assets/Animations/Gachapon/Scarf.controller using Guid(16412d355c1a9254da5d636e66015290) Importer(815301076,1909f56bfc062723c751e8b465ee728b)  -> (artifact id: 'e67d889f6e914ca4c95f717b5a1dcb78') in 0.026928 seconds
  Import took 0.031065 seconds .

========================================================================
Received Prepare
Registering precompiled user dll's ...
Registered in 0.001036 seconds.
Begin MonoManager ReloadAssembly
Native extension for WindowsStandalone target not found
Native extension for WebGL target not found
Refreshing native plugins compatible for Editor in 0.40 ms, found 1 plugins.
Preloading 0 native plugins for Editor in 0.00 ms.
Invoked RoslynAnalysisRunner static constructor.
RoslynAnalysisRunner will not be running.
RoslynAnalysisRunner has terminated.
Mono: successfully reloaded assembly
- Completed reload, in  0.906 seconds
Platform modules already initialized, skipping
Refreshing native plugins compatible for Editor in 0.37 ms, found 1 plugins.
Preloading 0 native plugins for Editor in 0.00 ms.
Unloading 1795 Unused Serialized files (Serialized files now loaded: 0)
System memory in use before: 87.9 MB.
System memory in use after: 87.9 MB.

Unloading 12 unused Assets to reduce memory usage. Loaded Objects now: 2255.
Total: 1.788700 ms (FindLiveObjects: 0.169300 ms CreateObjectMapping: 0.063700 ms MarkObjects: 1.446600 ms  DeleteObjects: 0.108100 ms)

========================================================================
Received Prepare
Registering precompiled user dll's ...
Registered in 0.001152 seconds.
Begin MonoManager ReloadAssembly
Native extension for WindowsStandalone target not found
Native extension for WebGL target not found
Refreshing native plugins compatible for Editor in 0.33 ms, found 1 plugins.
Preloading 0 native plugins for Editor in 0.00 ms.
Invoked RoslynAnalysisRunner static constructor.
RoslynAnalysisRunner will not be running.
RoslynAnalysisRunner has terminated.
Mono: successfully reloaded assembly
- Completed reload, in  0.897 seconds
Platform modules already initialized, skipping
Refreshing native plugins compatible for Editor in 0.37 ms, found 1 plugins.
Preloading 0 native plugins for Editor in 0.00 ms.
Unloading 1795 Unused Serialized files (Serialized files now loaded: 0)
System memory in use before: 88.0 MB.
System memory in use after: 88.0 MB.

Unloading 12 unused Assets to reduce memory usage. Loaded Objects now: 2258.
Total: 2.241200 ms (FindLiveObjects: 0.187900 ms CreateObjectMapping: 0.077300 ms MarkObjects: 1.842700 ms  DeleteObjects: 0.132100 ms)

========================================================================
Received Prepare
Registering precompiled user dll's ...
Registered in 0.001121 seconds.
Begin MonoManager ReloadAssembly
Native extension for WindowsStandalone target not found
Native extension for WebGL target not found
Refreshing native plugins compatible for Editor in 0.36 ms, found 1 plugins.
Preloading 0 native plugins for Editor in 0.00 ms.
Invoked RoslynAnalysisRunner static constructor.
RoslynAnalysisRunner will not be running.
RoslynAnalysisRunner has terminated.
Mono: successfully reloaded assembly
- Completed reload, in  0.883 seconds
Platform modules already initialized, skipping
Refreshing native plugins compatible for Editor in 0.35 ms, found 1 plugins.
Preloading 0 native plugins for Editor in 0.00 ms.
Unloading 1795 Unused Serialized files (Serialized files now loaded: 0)
System memory in use before: 88.1 MB.
System memory in use after: 88.1 MB.

Unloading 12 unused Assets to reduce memory usage. Loaded Objects now: 2261.
Total: 1.930500 ms (FindLiveObjects: 0.172700 ms CreateObjectMapping: 0.059300 ms MarkObjects: 1.540400 ms  DeleteObjects: 0.157100 ms)

========================================================================
Received Prepare
Registering precompiled user dll's ...
Registered in 0.001499 seconds.
Begin MonoManager ReloadAssembly
Native extension for WindowsStandalone target not found
Native extension for WebGL target not found
Refreshing native plugins compatible for Editor in 0.62 ms, found 1 plugins.
Preloading 0 native plugins for Editor in 0.00 ms.
Invoked RoslynAnalysisRunner static constructor.
RoslynAnalysisRunner will not be running.
RoslynAnalysisRunner has terminated.
Mono: successfully reloaded assembly
- Completed reload, in  0.886 seconds
Platform modules already initialized, skipping
Refreshing native plugins compatible for Editor in 0.34 ms, found 1 plugins.
Preloading 0 native plugins for Editor in 0.00 ms.
Unloading 1795 Unused Serialized files (Serialized files now loaded: 0)
System memory in use before: 88.2 MB.
System memory in use after: 88.2 MB.

Unloading 12 unused Assets to reduce memory usage. Loaded Objects now: 2264.
Total: 1.917700 ms (FindLiveObjects: 0.214100 ms CreateObjectMapping: 0.094400 ms MarkObjects: 1.496800 ms  DeleteObjects: 0.111300 ms)

========================================================================
Received Import Request.
  Time since last request: 206.933008 seconds.
  path: Assets/Scripts/GachaponManager.cs
  artifactKey: Guid(9696c7acf8e77c840a4291f96fdc13b6) Importer(815301076,1909f56bfc062723c751e8b465ee728b)
Start importing Assets/Scripts/GachaponManager.cs using Guid(9696c7acf8e77c840a4291f96fdc13b6) Importer(815301076,1909f56bfc062723c751e8b465ee728b)  -> (artifact id: '1d68f1a3c03646d1914dfa8781567f2b') in 0.017178 seconds
  Import took 0.020715 seconds .

========================================================================
Received Prepare
Registering precompiled user dll's ...
Registered in 0.001082 seconds.
Begin MonoManager ReloadAssembly
Native extension for WindowsStandalone target not found
Native extension for WebGL target not found
Refreshing native plugins compatible for Editor in 0.34 ms, found 1 plugins.
Preloading 0 native plugins for Editor in 0.00 ms.
Invoked RoslynAnalysisRunner static constructor.
RoslynAnalysisRunner will not be running.
RoslynAnalysisRunner has terminated.
Mono: successfully reloaded assembly
- Completed reload, in  0.875 seconds
Platform modules already initialized, skipping
Refreshing native plugins compatible for Editor in 0.34 ms, found 1 plugins.
Preloading 0 native plugins for Editor in 0.00 ms.
Unloading 1796 Unused Serialized files (Serialized files now loaded: 0)
System memory in use before: 88.4 MB.
System memory in use after: 88.4 MB.

Unloading 12 unused Assets to reduce memory usage. Loaded Objects now: 2268.
Total: 2.109000 ms (FindLiveObjects: 0.177900 ms CreateObjectMapping: 0.063000 ms MarkObjects: 1.719300 ms  DeleteObjects: 0.147700 ms)

========================================================================
Received Import Request.
  Time since last request: 403.394024 seconds.
  path: Assets/Animations/Gachapon/Hat.controller
  artifactKey: Guid(b80e415d9c8e7054e8dfd907a960e0da) Importer(815301076,1909f56bfc062723c751e8b465ee728b)
Start importing Assets/Animations/Gachapon/Hat.controller using Guid(b80e415d9c8e7054e8dfd907a960e0da) Importer(815301076,1909f56bfc062723c751e8b465ee728b)  -> (artifact id: '5acb5de35ad21aa24bbdca9086d7fec1') in 0.022318 seconds
  Import took 0.025875 seconds .

========================================================================
Received Import Request.
  Time since last request: 0.551237 seconds.
  path: Assets/Animations/Gachapon/Glasses_Enable.anim
  artifactKey: Guid(10d897cb9d6e8d84eb715922a056eaf8) Importer(815301076,1909f56bfc062723c751e8b465ee728b)
Start importing Assets/Animations/Gachapon/Glasses_Enable.anim using Guid(10d897cb9d6e8d84eb715922a056eaf8) Importer(815301076,1909f56bfc062723c751e8b465ee728b)  -> (artifact id: '11b7681c1d6a48ba757884a15112b07a') in 0.015661 seconds
  Import took 0.023903 seconds .

========================================================================
Received Import Request.
  Time since last request: 0.000750 seconds.
  path: Assets/Animations/Gachapon/Glasses_Enable.anim
  artifactKey: Guid(10d897cb9d6e8d84eb715922a056eaf8) Importer(815301076,1909f56bfc062723c751e8b465ee728b)
Start importing Assets/Animations/Gachapon/Glasses_Enable.anim using Guid(10d897cb9d6e8d84eb715922a056eaf8) Importer(815301076,1909f56bfc062723c751e8b465ee728b)  -> (artifact id: '11b7681c1d6a48ba757884a15112b07a') in 0.008752 seconds
  Import took 0.013368 seconds .

========================================================================
Received Prepare
Registering precompiled user dll's ...
Registered in 0.001562 seconds.
Begin MonoManager ReloadAssembly
Native extension for WindowsStandalone target not found
Native extension for WebGL target not found
Refreshing native plugins compatible for Editor in 0.41 ms, found 1 plugins.
Preloading 0 native plugins for Editor in 0.00 ms.
Invoked RoslynAnalysisRunner static constructor.
RoslynAnalysisRunner will not be running.
RoslynAnalysisRunner has terminated.
Mono: successfully reloaded assembly
- Completed reload, in  0.865 seconds
Platform modules already initialized, skipping
Refreshing native plugins compatible for Editor in 0.34 ms, found 1 plugins.
Preloading 0 native plugins for Editor in 0.00 ms.
Unloading 1796 Unused Serialized files (Serialized files now loaded: 0)
System memory in use before: 88.5 MB.
System memory in use after: 88.5 MB.

Unloading 12 unused Assets to reduce memory usage. Loaded Objects now: 2271.
Total: 2.278700 ms (FindLiveObjects: 0.206300 ms CreateObjectMapping: 0.062200 ms MarkObjects: 1.866100 ms  DeleteObjects: 0.143000 ms)

========================================================================
Received Prepare
Registering precompiled user dll's ...
Registered in 0.001334 seconds.
Begin MonoManager ReloadAssembly
Native extension for WindowsStandalone target not found
Native extension for WebGL target not found
Refreshing native plugins compatible for Editor in 0.41 ms, found 1 plugins.
Preloading 0 native plugins for Editor in 0.00 ms.
Invoked RoslynAnalysisRunner static constructor.
RoslynAnalysisRunner will not be running.
RoslynAnalysisRunner has terminated.
Mono: successfully reloaded assembly
- Completed reload, in  0.945 seconds
Platform modules already initialized, skipping
Refreshing native plugins compatible for Editor in 0.42 ms, found 1 plugins.
Preloading 0 native plugins for Editor in 0.00 ms.
Unloading 1796 Unused Serialized files (Serialized files now loaded: 0)
System memory in use before: 88.6 MB.
System memory in use after: 88.6 MB.

Unloading 12 unused Assets to reduce memory usage. Loaded Objects now: 2274.
Total: 2.351900 ms (FindLiveObjects: 0.195600 ms CreateObjectMapping: 0.071700 ms MarkObjects: 1.916300 ms  DeleteObjects: 0.166800 ms)

========================================================================
Received Prepare
Registering precompiled user dll's ...
Registered in 0.001362 seconds.
Begin MonoManager ReloadAssembly
Native extension for WindowsStandalone target not found
Native extension for WebGL target not found
Refreshing native plugins compatible for Editor in 0.34 ms, found 1 plugins.
Preloading 0 native plugins for Editor in 0.00 ms.
Invoked RoslynAnalysisRunner static constructor.
RoslynAnalysisRunner will not be running.
RoslynAnalysisRunner has terminated.
Mono: successfully reloaded assembly
- Completed reload, in  0.936 seconds
Platform modules already initialized, skipping
Refreshing native plugins compatible for Editor in 0.39 ms, found 1 plugins.
Preloading 0 native plugins for Editor in 0.00 ms.
Unloading 1796 Unused Serialized files (Serialized files now loaded: 0)
System memory in use before: 88.7 MB.
System memory in use after: 88.7 MB.

Unloading 12 unused Assets to reduce memory usage. Loaded Objects now: 2277.
Total: 2.110700 ms (FindLiveObjects: 0.180200 ms CreateObjectMapping: 0.079000 ms MarkObjects: 1.720900 ms  DeleteObjects: 0.129500 ms)

========================================================================
Received Prepare
Registering precompiled user dll's ...
Registered in 0.001113 seconds.
Begin MonoManager ReloadAssembly
Native extension for WindowsStandalone target not found
Native extension for WebGL target not found
Refreshing native plugins compatible for Editor in 0.71 ms, found 1 plugins.
Preloading 0 native plugins for Editor in 0.00 ms.
Invoked RoslynAnalysisRunner static constructor.
RoslynAnalysisRunner will not be running.
RoslynAnalysisRunner has terminated.
Mono: successfully reloaded assembly
- Completed reload, in  0.871 seconds
Platform modules already initialized, skipping
Refreshing native plugins compatible for Editor in 0.34 ms, found 1 plugins.
Preloading 0 native plugins for Editor in 0.00 ms.
Unloading 1796 Unused Serialized files (Serialized files now loaded: 0)
System memory in use before: 88.7 MB.
System memory in use after: 88.7 MB.

Unloading 12 unused Assets to reduce memory usage. Loaded Objects now: 2280.
Total: 2.260000 ms (FindLiveObjects: 0.179600 ms CreateObjectMapping: 0.069400 ms MarkObjects: 1.833000 ms  DeleteObjects: 0.177100 ms)

========================================================================
Received Prepare
Registering precompiled user dll's ...
Registered in 0.001631 seconds.
Begin MonoManager ReloadAssembly
Native extension for WindowsStandalone target not found
Native extension for WebGL target not found
Refreshing native plugins compatible for Editor in 0.43 ms, found 1 plugins.
Preloading 0 native plugins for Editor in 0.00 ms.
Invoked RoslynAnalysisRunner static constructor.
RoslynAnalysisRunner will not be running.
RoslynAnalysisRunner has terminated.
Mono: successfully reloaded assembly
- Completed reload, in  0.902 seconds
Platform modules already initialized, skipping
Refreshing native plugins compatible for Editor in 0.35 ms, found 1 plugins.
Preloading 0 native plugins for Editor in 0.00 ms.
Unloading 1796 Unused Serialized files (Serialized files now loaded: 0)
System memory in use before: 88.9 MB.
System memory in use after: 88.9 MB.

Unloading 12 unused Assets to reduce memory usage. Loaded Objects now: 2283.
Total: 2.114700 ms (FindLiveObjects: 0.218800 ms CreateObjectMapping: 0.058300 ms MarkObjects: 1.682800 ms  DeleteObjects: 0.153800 ms)

========================================================================
Received Prepare
Registering precompiled user dll's ...
Registered in 0.001051 seconds.
Begin MonoManager ReloadAssembly
Native extension for WindowsStandalone target not found
Native extension for WebGL target not found
Refreshing native plugins compatible for Editor in 0.34 ms, found 1 plugins.
Preloading 0 native plugins for Editor in 0.00 ms.
Invoked RoslynAnalysisRunner static constructor.
RoslynAnalysisRunner will not be running.
RoslynAnalysisRunner has terminated.
Mono: successfully reloaded assembly
- Completed reload, in  0.865 seconds
Platform modules already initialized, skipping
Refreshing native plugins compatible for Editor in 0.35 ms, found 1 plugins.
Preloading 0 native plugins for Editor in 0.00 ms.
Unloading 1796 Unused Serialized files (Serialized files now loaded: 0)
System memory in use before: 89.0 MB.
System memory in use after: 89.0 MB.

Unloading 12 unused Assets to reduce memory usage. Loaded Objects now: 2286.
Total: 2.116100 ms (FindLiveObjects: 0.183100 ms CreateObjectMapping: 0.087500 ms MarkObjects: 1.710200 ms  DeleteObjects: 0.134600 ms)

========================================================================
Received Prepare
Registering precompiled user dll's ...
Registered in 0.001171 seconds.
Begin MonoManager ReloadAssembly
Native extension for WindowsStandalone target not found
Native extension for WebGL target not found
Refreshing native plugins compatible for Editor in 0.37 ms, found 1 plugins.
Preloading 0 native plugins for Editor in 0.00 ms.
Invoked RoslynAnalysisRunner static constructor.
RoslynAnalysisRunner will not be running.
RoslynAnalysisRunner has terminated.
Mono: successfully reloaded assembly
- Completed reload, in  0.863 seconds
Platform modules already initialized, skipping
Refreshing native plugins compatible for Editor in 0.34 ms, found 1 plugins.
Preloading 0 native plugins for Editor in 0.00 ms.
Unloading 1796 Unused Serialized files (Serialized files now loaded: 0)
System memory in use before: 89.1 MB.
System memory in use after: 89.1 MB.

Unloading 12 unused Assets to reduce memory usage. Loaded Objects now: 2289.
Total: 1.970400 ms (FindLiveObjects: 0.182500 ms CreateObjectMapping: 0.065500 ms MarkObjects: 1.563500 ms  DeleteObjects: 0.158000 ms)

========================================================================
Received Prepare
Registering precompiled user dll's ...
Registered in 0.001050 seconds.
Begin MonoManager ReloadAssembly
Native extension for WindowsStandalone target not found
Native extension for WebGL target not found
Refreshing native plugins compatible for Editor in 0.35 ms, found 1 plugins.
Preloading 0 native plugins for Editor in 0.00 ms.
Invoked RoslynAnalysisRunner static constructor.
RoslynAnalysisRunner will not be running.
RoslynAnalysisRunner has terminated.
Mono: successfully reloaded assembly
- Completed reload, in  0.877 seconds
Platform modules already initialized, skipping
Refreshing native plugins compatible for Editor in 0.35 ms, found 1 plugins.
Preloading 0 native plugins for Editor in 0.00 ms.
Unloading 1796 Unused Serialized files (Serialized files now loaded: 0)
System memory in use before: 89.2 MB.
System memory in use after: 89.2 MB.

Unloading 12 unused Assets to reduce memory usage. Loaded Objects now: 2292.
Total: 2.136700 ms (FindLiveObjects: 0.173200 ms CreateObjectMapping: 0.062400 ms MarkObjects: 1.748200 ms  DeleteObjects: 0.152100 ms)

========================================================================
Received Prepare
Registering precompiled user dll's ...
Registered in 0.001139 seconds.
Begin MonoManager ReloadAssembly
Native extension for WindowsStandalone target not found
Native extension for WebGL target not found
Refreshing native plugins compatible for Editor in 0.34 ms, found 1 plugins.
Preloading 0 native plugins for Editor in 0.00 ms.
Invoked RoslynAnalysisRunner static constructor.
RoslynAnalysisRunner will not be running.
RoslynAnalysisRunner has terminated.
Mono: successfully reloaded assembly
- Completed reload, in  0.906 seconds
Platform modules already initialized, skipping
Refreshing native plugins compatible for Editor in 0.37 ms, found 1 plugins.
Preloading 0 native plugins for Editor in 0.00 ms.
Unloading 1796 Unused Serialized files (Serialized files now loaded: 0)
System memory in use before: 89.3 MB.
System memory in use after: 89.3 MB.

Unloading 12 unused Assets to reduce memory usage. Loaded Objects now: 2295.
Total: 2.250100 ms (FindLiveObjects: 0.216300 ms CreateObjectMapping: 0.096300 ms MarkObjects: 1.823800 ms  DeleteObjects: 0.112300 ms)

========================================================================
Received Prepare
Registering precompiled user dll's ...
Registered in 0.001991 seconds.
Begin MonoManager ReloadAssembly
Native extension for WindowsStandalone target not found
Native extension for WebGL target not found
Refreshing native plugins compatible for Editor in 0.35 ms, found 1 plugins.
Preloading 0 native plugins for Editor in 0.00 ms.
Invoked RoslynAnalysisRunner static constructor.
RoslynAnalysisRunner will not be running.
RoslynAnalysisRunner has terminated.
Mono: successfully reloaded assembly
- Completed reload, in  1.183 seconds
Platform modules already initialized, skipping
Refreshing native plugins compatible for Editor in 0.36 ms, found 1 plugins.
Preloading 0 native plugins for Editor in 0.00 ms.
Unloading 1796 Unused Serialized files (Serialized files now loaded: 0)
System memory in use before: 89.4 MB.
System memory in use after: 89.4 MB.

Unloading 12 unused Assets to reduce memory usage. Loaded Objects now: 2298.
Total: 2.119500 ms (FindLiveObjects: 0.205200 ms CreateObjectMapping: 0.242700 ms MarkObjects: 1.560400 ms  DeleteObjects: 0.109400 ms)

========================================================================
Received Prepare
Registering precompiled user dll's ...
Registered in 0.001005 seconds.
Begin MonoManager ReloadAssembly
Native extension for WindowsStandalone target not found
Native extension for WebGL target not found
Refreshing native plugins compatible for Editor in 0.35 ms, found 1 plugins.
Preloading 0 native plugins for Editor in 0.00 ms.
Invoked RoslynAnalysisRunner static constructor.
RoslynAnalysisRunner will not be running.
RoslynAnalysisRunner has terminated.
Mono: successfully reloaded assembly
- Completed reload, in  0.870 seconds
Platform modules already initialized, skipping
Refreshing native plugins compatible for Editor in 0.37 ms, found 1 plugins.
Preloading 0 native plugins for Editor in 0.00 ms.
Unloading 1796 Unused Serialized files (Serialized files now loaded: 0)
System memory in use before: 89.5 MB.
System memory in use after: 89.5 MB.

Unloading 12 unused Assets to reduce memory usage. Loaded Objects now: 2301.
Total: 2.219500 ms (FindLiveObjects: 0.199300 ms CreateObjectMapping: 0.064000 ms MarkObjects: 1.802900 ms  DeleteObjects: 0.152100 ms)

========================================================================
Received Prepare
Registering precompiled user dll's ...
Registered in 0.001272 seconds.
Begin MonoManager ReloadAssembly
Native extension for WindowsStandalone target not found
Native extension for WebGL target not found
Refreshing native plugins compatible for Editor in 0.46 ms, found 1 plugins.
Preloading 0 native plugins for Editor in 0.00 ms.
Invoked RoslynAnalysisRunner static constructor.
RoslynAnalysisRunner will not be running.
RoslynAnalysisRunner has terminated.
Mono: successfully reloaded assembly
- Completed reload, in  0.877 seconds
Platform modules already initialized, skipping
Refreshing native plugins compatible for Editor in 0.39 ms, found 1 plugins.
Preloading 0 native plugins for Editor in 0.00 ms.
Unloading 1796 Unused Serialized files (Serialized files now loaded: 0)
System memory in use before: 89.6 MB.
System memory in use after: 89.6 MB.

Unloading 12 unused Assets to reduce memory usage. Loaded Objects now: 2304.
Total: 2.473400 ms (FindLiveObjects: 0.306300 ms CreateObjectMapping: 0.102400 ms MarkObjects: 1.905100 ms  DeleteObjects: 0.158400 ms)

========================================================================
Received Prepare
Registering precompiled user dll's ...
Registered in 0.001149 seconds.
Begin MonoManager ReloadAssembly
Native extension for WindowsStandalone target not found
Native extension for WebGL target not found
Refreshing native plugins compatible for Editor in 0.36 ms, found 1 plugins.
Preloading 0 native plugins for Editor in 0.00 ms.
Invoked RoslynAnalysisRunner static constructor.
RoslynAnalysisRunner will not be running.
RoslynAnalysisRunner has terminated.
Mono: successfully reloaded assembly
- Completed reload, in  0.857 seconds
Platform modules already initialized, skipping
Refreshing native plugins compatible for Editor in 0.35 ms, found 1 plugins.
Preloading 0 native plugins for Editor in 0.00 ms.
Unloading 1796 Unused Serialized files (Serialized files now loaded: 0)
System memory in use before: 89.7 MB.
System memory in use after: 89.7 MB.

Unloading 12 unused Assets to reduce memory usage. Loaded Objects now: 2307.
Total: 2.416400 ms (FindLiveObjects: 0.179900 ms CreateObjectMapping: 0.064600 ms MarkObjects: 2.023100 ms  DeleteObjects: 0.147900 ms)

========================================================================
Received Prepare
Registering precompiled user dll's ...
Registered in 0.001107 seconds.
Begin MonoManager ReloadAssembly
Native extension for WindowsStandalone target not found
Native extension for WebGL target not found
Refreshing native plugins compatible for Editor in 0.35 ms, found 1 plugins.
Preloading 0 native plugins for Editor in 0.00 ms.
Invoked RoslynAnalysisRunner static constructor.
RoslynAnalysisRunner will not be running.
RoslynAnalysisRunner has terminated.
Mono: successfully reloaded assembly
- Completed reload, in  1.077 seconds
Platform modules already initialized, skipping
Refreshing native plugins compatible for Editor in 0.36 ms, found 1 plugins.
Preloading 0 native plugins for Editor in 0.00 ms.
Unloading 1796 Unused Serialized files (Serialized files now loaded: 0)
System memory in use before: 89.8 MB.
System memory in use after: 89.8 MB.

Unloading 12 unused Assets to reduce memory usage. Loaded Objects now: 2310.
Total: 3.886400 ms (FindLiveObjects: 0.217000 ms CreateObjectMapping: 0.193100 ms MarkObjects: 3.168900 ms  DeleteObjects: 0.305500 ms)

========================================================================
Received Import Request.
  Time since last request: 8562.508219 seconds.
  path: Assets/Sprites/sushis
  artifactKey: Guid(3f1f088ae3ad6764eb1e52889c36d495) Importer(815301076,1909f56bfc062723c751e8b465ee728b)
Start importing Assets/Sprites/sushis using Guid(3f1f088ae3ad6764eb1e52889c36d495) Importer(815301076,1909f56bfc062723c751e8b465ee728b)  -> (artifact id: 'aa70044e138746e228d643e8383f4d17') in 0.013365 seconds
  Import took 0.022563 seconds .

========================================================================
Received Import Request.
  Time since last request: 36.387898 seconds.
  path: Assets/Sprites/sushis/1sushi_01.png
  artifactKey: Guid(e8ca3d540e377a84c88bc2598e657174) Importer(815301076,1909f56bfc062723c751e8b465ee728b)
Start importing Assets/Sprites/sushis/1sushi_01.png using Guid(e8ca3d540e377a84c88bc2598e657174) Importer(815301076,1909f56bfc062723c751e8b465ee728b)  -> (artifact id: '1eb4a45991183c3119febcd6bcaf8915') in 0.075202 seconds
  Import took 0.079148 seconds .

========================================================================
Received Import Request.
  Time since last request: 0.000209 seconds.
  path: Assets/Sprites/sushis/4sushi_01.png
  artifactKey: Guid(ce29faaa8f59ff8448b4ddea33e072ff) Importer(815301076,1909f56bfc062723c751e8b465ee728b)
Start importing Assets/Sprites/sushis/4sushi_01.png using Guid(ce29faaa8f59ff8448b4ddea33e072ff) Importer(815301076,1909f56bfc062723c751e8b465ee728b)  -> (artifact id: '24891b498f874c38c598cec3c5fa546a') in 0.028635 seconds
  Import took 0.031804 seconds .

========================================================================
Received Import Request.
  Time since last request: 0.000256 seconds.
  path: Assets/Sprites/sushis/4sushi_03.png
  artifactKey: Guid(ee6f156416fe52841b3b5b1b8c79e0ec) Importer(815301076,1909f56bfc062723c751e8b465ee728b)
Start importing Assets/Sprites/sushis/4sushi_03.png using Guid(ee6f156416fe52841b3b5b1b8c79e0ec) Importer(815301076,1909f56bfc062723c751e8b465ee728b)  -> (artifact id: '62abd109facb87dac49fa85d0764953e') in 0.032913 seconds
  Import took 0.035548 seconds .

========================================================================
Received Import Request.
  Time since last request: 0.000151 seconds.
  path: Assets/Sprites/sushis/2sushi_02.png
  artifactKey: Guid(ac31513ab4582e34db9c392fdb79a004) Importer(815301076,1909f56bfc062723c751e8b465ee728b)
Start importing Assets/Sprites/sushis/2sushi_02.png using Guid(ac31513ab4582e34db9c392fdb79a004) Importer(815301076,1909f56bfc062723c751e8b465ee728b)  -> (artifact id: '761a76a38d322369f23c12c0efa08759') in 0.030228 seconds
  Import took 0.033198 seconds .

========================================================================
Received Import Request.
  Time since last request: 0.000161 seconds.
  path: Assets/Sprites/sushis/1sushi_02.png
  artifactKey: Guid(3d6f47fe20026c042ace500b99e0a852) Importer(815301076,1909f56bfc062723c751e8b465ee728b)
Start importing Assets/Sprites/sushis/1sushi_02.png using Guid(3d6f47fe20026c042ace500b99e0a852) Importer(815301076,1909f56bfc062723c751e8b465ee728b)  -> (artifact id: 'a338660417bb663a563ca62a936c3301') in 0.024585 seconds
  Import took 0.028242 seconds .

========================================================================
Received Import Request.
  Time since last request: 0.000430 seconds.
  path: Assets/Sprites/sushis/3sushi_02.png
  artifactKey: Guid(11e2257eda2ebb34aaab2a1fcbd4eab7) Importer(815301076,1909f56bfc062723c751e8b465ee728b)
Start importing Assets/Sprites/sushis/3sushi_02.png using Guid(11e2257eda2ebb34aaab2a1fcbd4eab7) Importer(815301076,1909f56bfc062723c751e8b465ee728b)  -> (artifact id: 'e6b2ff4ac656508d1ea232efccbd6c91') in 0.034323 seconds
  Import took 0.037533 seconds .

========================================================================
Received Import Request.
  Time since last request: 0.000160 seconds.
  path: Assets/Sprites/sushis/1sushi_04.png
  artifactKey: Guid(e37d671d65dc8a24bbecff61992689da) Importer(815301076,1909f56bfc062723c751e8b465ee728b)
Start importing Assets/Sprites/sushis/1sushi_04.png using Guid(e37d671d65dc8a24bbecff61992689da) Importer(815301076,1909f56bfc062723c751e8b465ee728b)  -> (artifact id: '87ab2326da8a2c9546ceed8c870564a0') in 0.032571 seconds
  Import took 0.035640 seconds .

========================================================================
Received Import Request.
  Time since last request: 0.000161 seconds.
  path: Assets/Sprites/sushis/3sushi_01.png
  artifactKey: Guid(93f1c2e2e9db2e940a16b71f4c768b7b) Importer(815301076,1909f56bfc062723c751e8b465ee728b)
Start importing Assets/Sprites/sushis/3sushi_01.png using Guid(93f1c2e2e9db2e940a16b71f4c768b7b) Importer(815301076,1909f56bfc062723c751e8b465ee728b)  -> (artifact id: '6bc393cb34ed2bbcf60e36930c1f5fe0') in 0.027579 seconds
  Import took 0.030767 seconds .

========================================================================
Received Import Request.
  Time since last request: 0.000166 seconds.
  path: Assets/Sprites/sushis/4sushi_02.png
  artifactKey: Guid(71b18e91e76c3df4cbaedba2a5291b52) Importer(815301076,1909f56bfc062723c751e8b465ee728b)
Start importing Assets/Sprites/sushis/4sushi_02.png using Guid(71b18e91e76c3df4cbaedba2a5291b52) Importer(815301076,1909f56bfc062723c751e8b465ee728b)  -> (artifact id: '0e4e100a2d9bc06f8617579fb2be7310') in 0.031518 seconds
  Import took 0.034973 seconds .

========================================================================
Received Import Request.
  Time since last request: 0.000145 seconds.
  path: Assets/Sprites/sushis/2sushi_01.png
  artifactKey: Guid(287c17c90961c154c83a3f18b6dee324) Importer(815301076,1909f56bfc062723c751e8b465ee728b)
Start importing Assets/Sprites/sushis/2sushi_01.png using Guid(287c17c90961c154c83a3f18b6dee324) Importer(815301076,1909f56bfc062723c751e8b465ee728b)  -> (artifact id: '7af254ba15c674cd652703533fcc2a82') in 0.024133 seconds
  Import took 0.028041 seconds .

========================================================================
Received Import Request.
  Time since last request: 0.000147 seconds.
  path: Assets/Sprites/sushis/3sushi_03.png
  artifactKey: Guid(e2b0bf38ee728b243978fa7d8526a6dd) Importer(815301076,1909f56bfc062723c751e8b465ee728b)
Start importing Assets/Sprites/sushis/3sushi_03.png using Guid(e2b0bf38ee728b243978fa7d8526a6dd) Importer(815301076,1909f56bfc062723c751e8b465ee728b)  -> (artifact id: '247df045dfcb984d35e0f8cd7f15c4ef') in 0.024137 seconds
  Import took 0.027712 seconds .

========================================================================
Received Import Request.
  Time since last request: 0.000252 seconds.
  path: Assets/Sprites/sushis/2sushi_01.png
  artifactKey: Guid(287c17c90961c154c83a3f18b6dee324) Importer(815301076,1909f56bfc062723c751e8b465ee728b)
Start importing Assets/Sprites/sushis/2sushi_01.png using Guid(287c17c90961c154c83a3f18b6dee324) Importer(815301076,1909f56bfc062723c751e8b465ee728b)  -> (artifact id: '7af254ba15c674cd652703533fcc2a82') in 0.021677 seconds
  Import took 0.024904 seconds .

========================================================================
Received Import Request.
  Time since last request: 0.000160 seconds.
  path: Assets/Sprites/sushis/2sushi_03.png
  artifactKey: Guid(9c01268883a2508418130136720156af) Importer(815301076,1909f56bfc062723c751e8b465ee728b)
Start importing Assets/Sprites/sushis/2sushi_03.png using Guid(9c01268883a2508418130136720156af) Importer(815301076,1909f56bfc062723c751e8b465ee728b)  -> (artifact id: '31812b72d862aa2d4f311e1f8d49e098') in 0.021110 seconds
  Import took 0.024306 seconds .

========================================================================
Received Import Request.
  Time since last request: 12.955631 seconds.
  path: Assets/Sprites/sushis/empty plate.png
  artifactKey: Guid(9f8c041a75ebc9b45849e9585e4cc307) Importer(815301076,1909f56bfc062723c751e8b465ee728b)
Start importing Assets/Sprites/sushis/empty plate.png using Guid(9f8c041a75ebc9b45849e9585e4cc307) Importer(815301076,1909f56bfc062723c751e8b465ee728b)  -> (artifact id: 'f9034301fa430485948d40e308ad251f') in 0.033341 seconds
  Import took 0.039292 seconds .

========================================================================
Received Import Request.
  Time since last request: 10.431964 seconds.
  path: Assets/revolsushi_background.png
  artifactKey: Guid(b8904e17b92211a458d7b86ffea7f209) Importer(815301076,1909f56bfc062723c751e8b465ee728b)
Start importing Assets/revolsushi_background.png using Guid(b8904e17b92211a458d7b86ffea7f209) Importer(815301076,1909f56bfc062723c751e8b465ee728b)  -> (artifact id: 'edc9fa754abee1f683a49e9b353c74ea') in 0.027394 seconds
  Import took 0.031709 seconds .

========================================================================
Received Import Request.
  Time since last request: 123.932428 seconds.
  path: Assets/Animations/Conveyor Belt.controller
  artifactKey: Guid(196c37e9d56dcd9439d325e73dd8972d) Importer(815301076,1909f56bfc062723c751e8b465ee728b)
Start importing Assets/Animations/Conveyor Belt.controller using Guid(196c37e9d56dcd9439d325e73dd8972d) Importer(815301076,1909f56bfc062723c751e8b465ee728b)  -> (artifact id: 'ff2e3b69adbc5bf841b5c91f55b4466c') in 0.010716 seconds
  Import took 0.014185 seconds .

========================================================================
Received Prepare
Registering precompiled user dll's ...
Registered in 0.001098 seconds.
Begin MonoManager ReloadAssembly
Native extension for WindowsStandalone target not found
Native extension for WebGL target not found
Refreshing native plugins compatible for Editor in 0.47 ms, found 1 plugins.
Preloading 0 native plugins for Editor in 0.00 ms.
Invoked RoslynAnalysisRunner static constructor.
RoslynAnalysisRunner will not be running.
RoslynAnalysisRunner has terminated.
Mono: successfully reloaded assembly
- Completed reload, in  0.896 seconds
Platform modules already initialized, skipping
Refreshing native plugins compatible for Editor in 0.35 ms, found 1 plugins.
Preloading 0 native plugins for Editor in 0.00 ms.
Unloading 1796 Unused Serialized files (Serialized files now loaded: 0)
System memory in use before: 89.0 MB.
System memory in use after: 89.0 MB.

Unloading 12 unused Assets to reduce memory usage. Loaded Objects now: 2316.
Total: 2.166600 ms (FindLiveObjects: 0.233800 ms CreateObjectMapping: 0.065200 ms MarkObjects: 1.732900 ms  DeleteObjects: 0.133100 ms)

========================================================================
Received Import Request.
  Time since last request: 6.311888 seconds.
  path: Assets/Animations/Conveyor_Belt.anim
  artifactKey: Guid(6de372089fe0d0c45a440cc17f0aab5e) Importer(815301076,1909f56bfc062723c751e8b465ee728b)
Start importing Assets/Animations/Conveyor_Belt.anim using Guid(6de372089fe0d0c45a440cc17f0aab5e) Importer(815301076,1909f56bfc062723c751e8b465ee728b)  -> (artifact id: 'f589bb1165c3b4e4af261df5b500d0db') in 0.017658 seconds
  Import took 0.020916 seconds .

========================================================================
Received Import Request.
  Time since last request: 35.455450 seconds.
  path: Assets/Sprites/conveyor_belt/conveyorbelt_01.png
  artifactKey: Guid(ce877774cba941d458744655c91b3235) Importer(815301076,1909f56bfc062723c751e8b465ee728b)
Start importing Assets/Sprites/conveyor_belt/conveyorbelt_01.png using Guid(ce877774cba941d458744655c91b3235) Importer(815301076,1909f56bfc062723c751e8b465ee728b)  -> (artifact id: '94852e6cfb0b47e2ca15600a7cca0065') in 0.055777 seconds
  Import took 0.059505 seconds .

========================================================================
Received Import Request.
  Time since last request: 0.000238 seconds.
  path: Assets/Sprites/conveyor_belt/conveyorbelt_03.png
  artifactKey: Guid(65ce43dcd22c2a149bbd942b9469a865) Importer(815301076,1909f56bfc062723c751e8b465ee728b)
Start importing Assets/Sprites/conveyor_belt/conveyorbelt_03.png using Guid(65ce43dcd22c2a149bbd942b9469a865) Importer(815301076,1909f56bfc062723c751e8b465ee728b)  -> (artifact id: '5e9d111d968fab79aa63a3b343406c7b') in 0.021235 seconds
  Import took 0.024047 seconds .

========================================================================
Received Import Request.
  Time since last request: 0.000151 seconds.
  path: Assets/Sprites/conveyor_belt/revolsushi_foreground.png
  artifactKey: Guid(0455ada0198c84e4995d403b59a1e17c) Importer(815301076,1909f56bfc062723c751e8b465ee728b)
Start importing Assets/Sprites/conveyor_belt/revolsushi_foreground.png using Guid(0455ada0198c84e4995d403b59a1e17c) Importer(815301076,1909f56bfc062723c751e8b465ee728b)  -> (artifact id: 'e7ce0f50bfe34bb2d0d7a3e357de9379') in 0.022026 seconds
  Import took 0.024807 seconds .

========================================================================
Received Import Request.
  Time since last request: 0.000153 seconds.
  path: Assets/Sprites/conveyor_belt/revolsushi_goesbehindconveyorbelt.png
  artifactKey: Guid(630286ac28479804695b987b7cdd943d) Importer(815301076,1909f56bfc062723c751e8b465ee728b)
Start importing Assets/Sprites/conveyor_belt/revolsushi_goesbehindconveyorbelt.png using Guid(630286ac28479804695b987b7cdd943d) Importer(815301076,1909f56bfc062723c751e8b465ee728b)  -> (artifact id: 'fde388d55c609009842636e5eb3c960c') in 0.019364 seconds
  Import took 0.022281 seconds .

========================================================================
Received Import Request.
  Time since last request: 0.000153 seconds.
  path: Assets/Sprites/conveyor_belt/conveyorbelt_02.png
  artifactKey: Guid(517e400371408664f881aa0b0207cf69) Importer(815301076,1909f56bfc062723c751e8b465ee728b)
Start importing Assets/Sprites/conveyor_belt/conveyorbelt_02.png using Guid(517e400371408664f881aa0b0207cf69) Importer(815301076,1909f56bfc062723c751e8b465ee728b)  -> (artifact id: 'd2a0ef990330bab4c02498d0f1d58897') in 0.022383 seconds
  Import took 0.026059 seconds .

========================================================================
Received Prepare
Registering precompiled user dll's ...
Registered in 0.001216 seconds.
Begin MonoManager ReloadAssembly
Native extension for WindowsStandalone target not found
Native extension for WebGL target not found
Refreshing native plugins compatible for Editor in 0.36 ms, found 1 plugins.
Preloading 0 native plugins for Editor in 0.00 ms.
Invoked RoslynAnalysisRunner static constructor.
RoslynAnalysisRunner will not be running.
RoslynAnalysisRunner has terminated.
Mono: successfully reloaded assembly
- Completed reload, in  0.948 seconds
Platform modules already initialized, skipping
Refreshing native plugins compatible for Editor in 1.10 ms, found 1 plugins.
Preloading 0 native plugins for Editor in 0.00 ms.
Unloading 1796 Unused Serialized files (Serialized files now loaded: 0)
System memory in use before: 89.1 MB.
System memory in use after: 89.1 MB.

Unloading 12 unused Assets to reduce memory usage. Loaded Objects now: 2322.
Total: 2.411000 ms (FindLiveObjects: 0.248800 ms CreateObjectMapping: 0.103500 ms MarkObjects: 1.926500 ms  DeleteObjects: 0.130900 ms)

========================================================================
Received Import Request.
  Time since last request: 552.956589 seconds.
  path: Assets/Prefabs/Sushi.prefab
  artifactKey: Guid(487b14d4dac31954f940ccb65ac09afc) Importer(815301076,1909f56bfc062723c751e8b465ee728b)
Start importing Assets/Prefabs/Sushi.prefab using Guid(487b14d4dac31954f940ccb65ac09afc) Importer(815301076,1909f56bfc062723c751e8b465ee728b)  -> (artifact id: 'e2780b07fc38722cb15f85dce2f4cedd') in 0.032805 seconds
  Import took 0.036030 seconds .

========================================================================
Received Prepare
Registering precompiled user dll's ...
Registered in 0.001027 seconds.
Begin MonoManager ReloadAssembly
Native extension for WindowsStandalone target not found
Native extension for WebGL target not found
Refreshing native plugins compatible for Editor in 0.43 ms, found 1 plugins.
Preloading 0 native plugins for Editor in 0.00 ms.
Invoked RoslynAnalysisRunner static constructor.
RoslynAnalysisRunner will not be running.
RoslynAnalysisRunner has terminated.
Mono: successfully reloaded assembly
- Completed reload, in  0.975 seconds
Platform modules already initialized, skipping
Refreshing native plugins compatible for Editor in 0.36 ms, found 1 plugins.
Preloading 0 native plugins for Editor in 0.00 ms.
Unloading 1796 Unused Serialized files (Serialized files now loaded: 0)
System memory in use before: 89.2 MB.
System memory in use after: 89.2 MB.

Unloading 12 unused Assets to reduce memory usage. Loaded Objects now: 2325.
Total: 2.096800 ms (FindLiveObjects: 0.233100 ms CreateObjectMapping: 0.077000 ms MarkObjects: 1.657200 ms  DeleteObjects: 0.128300 ms)

========================================================================
Received Import Request.
  Time since last request: 85.931106 seconds.
  path: Assets/Prefabs/Sushi.prefab
  artifactKey: Guid(487b14d4dac31954f940ccb65ac09afc) Importer(815301076,1909f56bfc062723c751e8b465ee728b)
Start importing Assets/Prefabs/Sushi.prefab using Guid(487b14d4dac31954f940ccb65ac09afc) Importer(815301076,1909f56bfc062723c751e8b465ee728b)  -> (artifact id: 'b22c7537dd0055b9655af3e1f1e98288') in 0.064699 seconds
  Import took 0.068709 seconds .

========================================================================
Received Prepare
Registering precompiled user dll's ...
Registered in 0.001686 seconds.
Begin MonoManager ReloadAssembly
Native extension for WindowsStandalone target not found
Native extension for WebGL target not found
Refreshing native plugins compatible for Editor in 0.60 ms, found 1 plugins.
Preloading 0 native plugins for Editor in 0.00 ms.
Invoked RoslynAnalysisRunner static constructor.
RoslynAnalysisRunner will not be running.
RoslynAnalysisRunner has terminated.
Mono: successfully reloaded assembly
- Completed reload, in  0.974 seconds
Platform modules already initialized, skipping
Refreshing native plugins compatible for Editor in 0.34 ms, found 1 plugins.
Preloading 0 native plugins for Editor in 0.00 ms.
Unloading 1796 Unused Serialized files (Serialized files now loaded: 0)
System memory in use before: 89.4 MB.
System memory in use after: 89.4 MB.

Unloading 12 unused Assets to reduce memory usage. Loaded Objects now: 2333.
Total: 1.941800 ms (FindLiveObjects: 0.179200 ms CreateObjectMapping: 0.063300 ms MarkObjects: 1.513700 ms  DeleteObjects: 0.184800 ms)

========================================================================
Received Import Request.
  Time since last request: 81.489926 seconds.
  path: Assets/Prefabs/Sushi_2 Variant.prefab
  artifactKey: Guid(d9220c3de445b10469b4e791139b052f) Importer(815301076,1909f56bfc062723c751e8b465ee728b)
Start importing Assets/Prefabs/Sushi_2 Variant.prefab using Guid(d9220c3de445b10469b4e791139b052f) Importer(815301076,1909f56bfc062723c751e8b465ee728b)  -> (artifact id: 'b972cade0a1bb6ff8db1ee487056fbc1') in 0.068309 seconds
  Import took 0.077534 seconds .

========================================================================
Received Import Request.
  Time since last request: 60.111744 seconds.
  path: Assets/Prefabs/Sushi_3 Variant.prefab
  artifactKey: Guid(6679c30b3e9d0254193a7b69044a6fae) Importer(815301076,1909f56bfc062723c751e8b465ee728b)
Start importing Assets/Prefabs/Sushi_3 Variant.prefab using Guid(6679c30b3e9d0254193a7b69044a6fae) Importer(815301076,1909f56bfc062723c751e8b465ee728b)  -> (artifact id: '255d5c8220177263e5bf556d2ed148d5') in 0.023342 seconds
  Import took 0.027057 seconds .

========================================================================
Received Import Request.
  Time since last request: 41.648000 seconds.
  path: Assets/Prefabs/Sushi_4 Variant.prefab
  artifactKey: Guid(4e566295b5472f64685f92a8f65e58dd) Importer(815301076,1909f56bfc062723c751e8b465ee728b)
Start importing Assets/Prefabs/Sushi_4 Variant.prefab using Guid(4e566295b5472f64685f92a8f65e58dd) Importer(815301076,1909f56bfc062723c751e8b465ee728b)  -> (artifact id: '0024b1e242d1dbc401172b328ff56303') in 0.026095 seconds
  Import took 0.031131 seconds .

========================================================================
Received Import Request.
  Time since last request: 12.807859 seconds.
  path: Assets/Prefabs/Sushi_1.prefab
  artifactKey: Guid(487b14d4dac31954f940ccb65ac09afc) Importer(815301076,1909f56bfc062723c751e8b465ee728b)
Start importing Assets/Prefabs/Sushi_1.prefab using Guid(487b14d4dac31954f940ccb65ac09afc) Importer(815301076,1909f56bfc062723c751e8b465ee728b)  -> (artifact id: 'a0e64686b07675dd4d91fb8c313f98c2') in 0.019452 seconds
  Import took 0.024486 seconds .

========================================================================
Received Import Request.
  Time since last request: 0.000191 seconds.
  path: Assets/Prefabs/Sushi_4 Variant.prefab
  artifactKey: Guid(4e566295b5472f64685f92a8f65e58dd) Importer(815301076,1909f56bfc062723c751e8b465ee728b)
Start importing Assets/Prefabs/Sushi_4 Variant.prefab using Guid(4e566295b5472f64685f92a8f65e58dd) Importer(815301076,1909f56bfc062723c751e8b465ee728b)  -> (artifact id: 'cc5c425421bbc1293fe0e1b2cb16eb18') in 0.014278 seconds
  Import took 0.017464 seconds .

========================================================================
Received Import Request.
  Time since last request: 0.000198 seconds.
  path: Assets/Prefabs/Sushi_2 Variant.prefab
  artifactKey: Guid(d9220c3de445b10469b4e791139b052f) Importer(815301076,1909f56bfc062723c751e8b465ee728b)
Start importing Assets/Prefabs/Sushi_2 Variant.prefab using Guid(d9220c3de445b10469b4e791139b052f) Importer(815301076,1909f56bfc062723c751e8b465ee728b)  -> (artifact id: 'aebf98bf2dc2d9f9022b223e82c00358') in 0.019424 seconds
  Import took 0.022610 seconds .

========================================================================
Received Import Request.
  Time since last request: 0.000179 seconds.
  path: Assets/Prefabs/Sushi_3 Variant.prefab
  artifactKey: Guid(6679c30b3e9d0254193a7b69044a6fae) Importer(815301076,1909f56bfc062723c751e8b465ee728b)
Start importing Assets/Prefabs/Sushi_3 Variant.prefab using Guid(6679c30b3e9d0254193a7b69044a6fae) Importer(815301076,1909f56bfc062723c751e8b465ee728b)  -> (artifact id: 'ed4f0c6c4239cce2d4f3c2afce4e157a') in 0.011942 seconds
  Import took 0.016311 seconds .

========================================================================
Received Prepare
Registering precompiled user dll's ...
Registered in 0.000988 seconds.
Begin MonoManager ReloadAssembly
Native extension for WindowsStandalone target not found
Native extension for WebGL target not found
Refreshing native plugins compatible for Editor in 0.36 ms, found 1 plugins.
Preloading 0 native plugins for Editor in 0.00 ms.
Invoked RoslynAnalysisRunner static constructor.
RoslynAnalysisRunner will not be running.
RoslynAnalysisRunner has terminated.
Mono: successfully reloaded assembly
- Completed reload, in  0.907 seconds
Platform modules already initialized, skipping
Refreshing native plugins compatible for Editor in 0.35 ms, found 1 plugins.
Preloading 0 native plugins for Editor in 0.00 ms.
Unloading 1796 Unused Serialized files (Serialized files now loaded: 0)
System memory in use before: 89.5 MB.
System memory in use after: 89.5 MB.

Unloading 12 unused Assets to reduce memory usage. Loaded Objects now: 2337.
Total: 2.040700 ms (FindLiveObjects: 0.187500 ms CreateObjectMapping: 0.068100 ms MarkObjects: 1.630300 ms  DeleteObjects: 0.153400 ms)

========================================================================
Received Prepare
Registering precompiled user dll's ...
Registered in 0.001470 seconds.
Begin MonoManager ReloadAssembly
Native extension for WindowsStandalone target not found
Native extension for WebGL target not found
Refreshing native plugins compatible for Editor in 0.38 ms, found 1 plugins.
Preloading 0 native plugins for Editor in 0.00 ms.
Invoked RoslynAnalysisRunner static constructor.
RoslynAnalysisRunner will not be running.
RoslynAnalysisRunner has terminated.
Mono: successfully reloaded assembly
- Completed reload, in  1.126 seconds
Platform modules already initialized, skipping
Refreshing native plugins compatible for Editor in 0.53 ms, found 1 plugins.
Preloading 0 native plugins for Editor in 0.00 ms.
Unloading 1796 Unused Serialized files (Serialized files now loaded: 0)
System memory in use before: 89.6 MB.
System memory in use after: 89.6 MB.

Unloading 12 unused Assets to reduce memory usage. Loaded Objects now: 2340.
Total: 2.065300 ms (FindLiveObjects: 0.228300 ms CreateObjectMapping: 0.060900 ms MarkObjects: 1.626100 ms  DeleteObjects: 0.149200 ms)

========================================================================
Received Import Request.
  Time since last request: 124.705997 seconds.
  path: Assets/Sprites/button.PNG
  artifactKey: Guid(db514982a64c02e46848afd5988f6147) Importer(815301076,1909f56bfc062723c751e8b465ee728b)
Start importing Assets/Sprites/button.PNG using Guid(db514982a64c02e46848afd5988f6147) Importer(815301076,1909f56bfc062723c751e8b465ee728b)  -> (artifact id: '774816782fbbe785417bafcc2d5055df') in 0.068839 seconds
  Import took 0.072737 seconds .

========================================================================
Received Import Request.
  Time since last request: 0.005631 seconds.
  path: Assets/Sprites/button.PNG
  artifactKey: Guid(db514982a64c02e46848afd5988f6147) Importer(815301076,1909f56bfc062723c751e8b465ee728b)
Start importing Assets/Sprites/button.PNG using Guid(db514982a64c02e46848afd5988f6147) Importer(815301076,1909f56bfc062723c751e8b465ee728b)  -> (artifact id: '774816782fbbe785417bafcc2d5055df') in 0.019620 seconds
  Import took 0.023060 seconds .

========================================================================
Received Prepare
Registering precompiled user dll's ...
Registered in 0.001030 seconds.
Begin MonoManager ReloadAssembly
Native extension for WindowsStandalone target not found
Native extension for WebGL target not found
Refreshing native plugins compatible for Editor in 0.34 ms, found 1 plugins.
Preloading 0 native plugins for Editor in 0.00 ms.
Invoked RoslynAnalysisRunner static constructor.
RoslynAnalysisRunner will not be running.
RoslynAnalysisRunner has terminated.
Mono: successfully reloaded assembly
- Completed reload, in  0.859 seconds
Platform modules already initialized, skipping
Refreshing native plugins compatible for Editor in 0.35 ms, found 1 plugins.
Preloading 0 native plugins for Editor in 0.00 ms.
Unloading 1796 Unused Serialized files (Serialized files now loaded: 0)
System memory in use before: 89.7 MB.
System memory in use after: 89.7 MB.

Unloading 12 unused Assets to reduce memory usage. Loaded Objects now: 2345.
Total: 1.885900 ms (FindLiveObjects: 0.243900 ms CreateObjectMapping: 0.084300 ms MarkObjects: 1.449300 ms  DeleteObjects: 0.107400 ms)

========================================================================
Received Import Request.
  Time since last request: 396.283866 seconds.
  path: Assets/Sprites/background_story/background_story-1.png
  artifactKey: Guid(e4f83a2b5474844478e0cf7ab2cb4fa1) Importer(815301076,1909f56bfc062723c751e8b465ee728b)
Start importing Assets/Sprites/background_story/background_story-1.png using Guid(e4f83a2b5474844478e0cf7ab2cb4fa1) Importer(815301076,1909f56bfc062723c751e8b465ee728b)  -> (artifact id: '1bf00fef18ca027010f13f887d586d22') in 0.069216 seconds
  Import took 0.080814 seconds .

========================================================================
Received Import Request.
  Time since last request: 0.000290 seconds.
  path: Assets/Sprites/background_story/background_story-16.png
  artifactKey: Guid(19c202d51df4e2845b0023227f8a0d00) Importer(815301076,1909f56bfc062723c751e8b465ee728b)
Start importing Assets/Sprites/background_story/background_story-16.png using Guid(19c202d51df4e2845b0023227f8a0d00) Importer(815301076,1909f56bfc062723c751e8b465ee728b)  -> (artifact id: '15552b2116d989625a8c4d3b0015a6ce') in 0.025954 seconds
  Import took 0.028823 seconds .

========================================================================
Received Import Request.
  Time since last request: 0.000238 seconds.
  path: Assets/Sprites/background_story/background_story-11.png
  artifactKey: Guid(42b342d7af38d1d489ea05c45323f71c) Importer(815301076,1909f56bfc062723c751e8b465ee728b)
Start importing Assets/Sprites/background_story/background_story-11.png using Guid(42b342d7af38d1d489ea05c45323f71c) Importer(815301076,1909f56bfc062723c751e8b465ee728b)  -> (artifact id: 'd4af456662c76ce9ad453fbc964f6cc3') in 0.025064 seconds
  Import took 0.028394 seconds .

========================================================================
Received Import Request.
  Time since last request: 0.000263 seconds.
  path: Assets/Sprites/background_story/background_story-17.png
  artifactKey: Guid(dafefd83bc2b1b14b99835572b186884) Importer(815301076,1909f56bfc062723c751e8b465ee728b)
Start importing Assets/Sprites/background_story/background_story-17.png using Guid(dafefd83bc2b1b14b99835572b186884) Importer(815301076,1909f56bfc062723c751e8b465ee728b)  -> (artifact id: '73ae154cb92a192c3a2d0f9a3a0c9c70') in 0.025890 seconds
  Import took 0.028562 seconds .

========================================================================
Received Import Request.
  Time since last request: 0.000159 seconds.
  path: Assets/Sprites/background_story/background_story-7.png
  artifactKey: Guid(bd7e058368d70cc4c8d9fa4199bb54b1) Importer(815301076,1909f56bfc062723c751e8b465ee728b)
Start importing Assets/Sprites/background_story/background_story-7.png using Guid(bd7e058368d70cc4c8d9fa4199bb54b1) Importer(815301076,1909f56bfc062723c751e8b465ee728b)  -> (artifact id: '0a6873ff90b0e3036a5b194f817422ed') in 0.027917 seconds
  Import took 0.034826 seconds .

========================================================================
Received Import Request.
  Time since last request: 0.000154 seconds.
  path: Assets/Sprites/background_story/background_story-12.png
  artifactKey: Guid(f72e033099c791842b0776a4260df649) Importer(815301076,1909f56bfc062723c751e8b465ee728b)
Start importing Assets/Sprites/background_story/background_story-12.png using Guid(f72e033099c791842b0776a4260df649) Importer(815301076,1909f56bfc062723c751e8b465ee728b)  -> (artifact id: 'dff268d6b1b0aad4f4f4905136751d9c') in 0.042745 seconds
  Import took 0.045713 seconds .

========================================================================
Received Import Request.
  Time since last request: 0.000159 seconds.
  path: Assets/Sprites/background_story/background_story-9.png
  artifactKey: Guid(7848bd948a2697442800fda9e0c85a38) Importer(815301076,1909f56bfc062723c751e8b465ee728b)
Start importing Assets/Sprites/background_story/background_story-9.png using Guid(7848bd948a2697442800fda9e0c85a38) Importer(815301076,1909f56bfc062723c751e8b465ee728b)  -> (artifact id: 'c79f97eaa9ca7a6998a5c637630680e6') in 0.028260 seconds
  Import took 0.032884 seconds .

========================================================================
Received Import Request.
  Time since last request: 0.000166 seconds.
  path: Assets/Sprites/background_story/background_story-5.png
  artifactKey: Guid(be7be50a7538f6d40a5dba052d7c32f1) Importer(815301076,1909f56bfc062723c751e8b465ee728b)
Start importing Assets/Sprites/background_story/background_story-5.png using Guid(be7be50a7538f6d40a5dba052d7c32f1) Importer(815301076,1909f56bfc062723c751e8b465ee728b)  -> (artifact id: '9212f39064b2e24457f746015eaccb85') in 0.023222 seconds
  Import took 0.026769 seconds .

========================================================================
Received Import Request.
  Time since last request: 0.000154 seconds.
  path: Assets/Sprites/background_story/background_story-4.png
  artifactKey: Guid(cc2bb906ef0e929468780e20d0959e72) Importer(815301076,1909f56bfc062723c751e8b465ee728b)
Start importing Assets/Sprites/background_story/background_story-4.png using Guid(cc2bb906ef0e929468780e20d0959e72) Importer(815301076,1909f56bfc062723c751e8b465ee728b)  -> (artifact id: 'befc4fa1833a0432b6876f216b4c2b31') in 0.023770 seconds
  Import took 0.026752 seconds .

========================================================================
Received Import Request.
  Time since last request: 0.000155 seconds.
  path: Assets/Sprites/background_story/background_story-6.png
  artifactKey: Guid(267f2dbb7b576da4eab1ccc36621aa4e) Importer(815301076,1909f56bfc062723c751e8b465ee728b)
Start importing Assets/Sprites/background_story/background_story-6.png using Guid(267f2dbb7b576da4eab1ccc36621aa4e) Importer(815301076,1909f56bfc062723c751e8b465ee728b)  -> (artifact id: 'cdaa625620b7717c6a8318b131f1a7b4') in 0.026547 seconds
  Import took 0.029324 seconds .

========================================================================
Received Import Request.
  Time since last request: 0.000154 seconds.
  path: Assets/Sprites/background_story/background_story-8.png
  artifactKey: Guid(d02790fcbaaf26c4ebec1951501b1761) Importer(815301076,1909f56bfc062723c751e8b465ee728b)
Start importing Assets/Sprites/background_story/background_story-8.png using Guid(d02790fcbaaf26c4ebec1951501b1761) Importer(815301076,1909f56bfc062723c751e8b465ee728b)  -> (artifact id: '60f23d387c2c9021e591e0c15c7d0251') in 0.020441 seconds
  Import took 0.023287 seconds .

========================================================================
Received Import Request.
  Time since last request: 0.000162 seconds.
  path: Assets/Sprites/background_story/background_story-2.png
  artifactKey: Guid(b0d29c56dc5f90a4c8af50a9f81bc8ea) Importer(815301076,1909f56bfc062723c751e8b465ee728b)
Start importing Assets/Sprites/background_story/background_story-2.png using Guid(b0d29c56dc5f90a4c8af50a9f81bc8ea) Importer(815301076,1909f56bfc062723c751e8b465ee728b)  -> (artifact id: 'a084e27afec2de18bd9ff306f6942ec4') in 0.020670 seconds
  Import took 0.023391 seconds .

========================================================================
Received Import Request.
  Time since last request: 0.000166 seconds.
  path: Assets/Sprites/background_story/background_story-3.png
  artifactKey: Guid(05a50e652be1620488a752df2b01ee53) Importer(815301076,1909f56bfc062723c751e8b465ee728b)
Start importing Assets/Sprites/background_story/background_story-3.png using Guid(05a50e652be1620488a752df2b01ee53) Importer(815301076,1909f56bfc062723c751e8b465ee728b)  -> (artifact id: '76be2ce1acf6157a94eca01111552228') in 0.025080 seconds
  Import took 0.027851 seconds .

========================================================================
Received Import Request.
  Time since last request: 0.000155 seconds.
  path: Assets/Sprites/background_story/background_story-13.png
  artifactKey: Guid(1f4c7b3dc84a5ce4c80d3c0b5d6e3ead) Importer(815301076,1909f56bfc062723c751e8b465ee728b)
Start importing Assets/Sprites/background_story/background_story-13.png using Guid(1f4c7b3dc84a5ce4c80d3c0b5d6e3ead) Importer(815301076,1909f56bfc062723c751e8b465ee728b)  -> (artifact id: '2ff8954f11f8d9893f759fd21c72248c') in 0.021948 seconds
  Import took 0.024894 seconds .

========================================================================
Received Import Request.
  Time since last request: 0.000152 seconds.
  path: Assets/Sprites/background_story/background_story-15.png
  artifactKey: Guid(fe4cd9ba97d03c0499406aae1bb374c3) Importer(815301076,1909f56bfc062723c751e8b465ee728b)
Start importing Assets/Sprites/background_story/background_story-15.png using Guid(fe4cd9ba97d03c0499406aae1bb374c3) Importer(815301076,1909f56bfc062723c751e8b465ee728b)  -> (artifact id: '6053d94c82dca37b8e4b610560837809') in 0.023766 seconds
  Import took 0.026581 seconds .

========================================================================
Received Import Request.
  Time since last request: 0.000163 seconds.
  path: Assets/Sprites/background_story/background_story-10.png
  artifactKey: Guid(9c252854a6ed0424f8acc36b9e697cbe) Importer(815301076,1909f56bfc062723c751e8b465ee728b)
Start importing Assets/Sprites/background_story/background_story-10.png using Guid(9c252854a6ed0424f8acc36b9e697cbe) Importer(815301076,1909f56bfc062723c751e8b465ee728b)  -> (artifact id: 'ef5290c198cc6f81860ee9cd5abcb887') in 0.025404 seconds
  Import took 0.028418 seconds .

========================================================================
Received Import Request.
  Time since last request: 0.000157 seconds.
  path: Assets/Sprites/background_story/background_story-14.png
  artifactKey: Guid(e9943b1dd9c96e4448fefd486d74b99d) Importer(815301076,1909f56bfc062723c751e8b465ee728b)
Start importing Assets/Sprites/background_story/background_story-14.png using Guid(e9943b1dd9c96e4448fefd486d74b99d) Importer(815301076,1909f56bfc062723c751e8b465ee728b)  -> (artifact id: '9927bce5c5091e115e5df398468989fe') in 0.023870 seconds
  Import took 0.027167 seconds .

========================================================================
Received Prepare
Registering precompiled user dll's ...
Registered in 0.001080 seconds.
Begin MonoManager ReloadAssembly
Native extension for WindowsStandalone target not found
Native extension for WebGL target not found
Refreshing native plugins compatible for Editor in 0.36 ms, found 1 plugins.
Preloading 0 native plugins for Editor in 0.00 ms.
Invoked RoslynAnalysisRunner static constructor.
RoslynAnalysisRunner will not be running.
RoslynAnalysisRunner has terminated.
Mono: successfully reloaded assembly
- Completed reload, in  0.956 seconds
Platform modules already initialized, skipping
Refreshing native plugins compatible for Editor in 0.35 ms, found 1 plugins.
Preloading 0 native plugins for Editor in 0.00 ms.
Unloading 1796 Unused Serialized files (Serialized files now loaded: 0)
System memory in use before: 90.0 MB.
System memory in use after: 90.0 MB.

Unloading 12 unused Assets to reduce memory usage. Loaded Objects now: 2349.
Total: 2.188100 ms (FindLiveObjects: 0.258300 ms CreateObjectMapping: 0.084100 ms MarkObjects: 1.687100 ms  DeleteObjects: 0.157200 ms)

========================================================================
Received Prepare
Registering precompiled user dll's ...
Registered in 0.001029 seconds.
Begin MonoManager ReloadAssembly
Native extension for WindowsStandalone target not found
Native extension for WebGL target not found
Refreshing native plugins compatible for Editor in 0.63 ms, found 1 plugins.
Preloading 0 native plugins for Editor in 0.00 ms.
Invoked RoslynAnalysisRunner static constructor.
RoslynAnalysisRunner will not be running.
RoslynAnalysisRunner has terminated.
Mono: successfully reloaded assembly
- Completed reload, in  0.924 seconds
Platform modules already initialized, skipping
Refreshing native plugins compatible for Editor in 0.41 ms, found 1 plugins.
Preloading 0 native plugins for Editor in 0.00 ms.
Unloading 1796 Unused Serialized files (Serialized files now loaded: 0)
System memory in use before: 90.1 MB.
System memory in use after: 90.1 MB.

Unloading 12 unused Assets to reduce memory usage. Loaded Objects now: 2352.
Total: 1.822800 ms (FindLiveObjects: 0.174700 ms CreateObjectMapping: 0.063800 ms MarkObjects: 1.479400 ms  DeleteObjects: 0.103500 ms)

========================================================================
Received Prepare
Registering precompiled user dll's ...
Registered in 0.001233 seconds.
Begin MonoManager ReloadAssembly
Native extension for WindowsStandalone target not found
Native extension for WebGL target not found
Refreshing native plugins compatible for Editor in 0.35 ms, found 1 plugins.
Preloading 0 native plugins for Editor in 0.00 ms.
Invoked RoslynAnalysisRunner static constructor.
RoslynAnalysisRunner will not be running.
RoslynAnalysisRunner has terminated.
Mono: successfully reloaded assembly
- Completed reload, in  0.960 seconds
Platform modules already initialized, skipping
Refreshing native plugins compatible for Editor in 0.34 ms, found 1 plugins.
Preloading 0 native plugins for Editor in 0.00 ms.
Unloading 1796 Unused Serialized files (Serialized files now loaded: 0)
System memory in use before: 90.2 MB.
System memory in use after: 90.2 MB.

Unloading 12 unused Assets to reduce memory usage. Loaded Objects now: 2355.
Total: 2.244300 ms (FindLiveObjects: 0.262300 ms CreateObjectMapping: 0.074300 ms MarkObjects: 1.742600 ms  DeleteObjects: 0.163900 ms)

========================================================================
Received Prepare
Registering precompiled user dll's ...
Registered in 0.001268 seconds.
Begin MonoManager ReloadAssembly
Native extension for WindowsStandalone target not found
Native extension for WebGL target not found
Refreshing native plugins compatible for Editor in 0.34 ms, found 1 plugins.
Preloading 0 native plugins for Editor in 0.00 ms.
Invoked RoslynAnalysisRunner static constructor.
RoslynAnalysisRunner will not be running.
RoslynAnalysisRunner has terminated.
Mono: successfully reloaded assembly
- Completed reload, in  0.927 seconds
Platform modules already initialized, skipping
Refreshing native plugins compatible for Editor in 0.37 ms, found 1 plugins.
Preloading 0 native plugins for Editor in 0.00 ms.
Unloading 1796 Unused Serialized files (Serialized files now loaded: 0)
System memory in use before: 89.4 MB.
System memory in use after: 89.4 MB.

Unloading 12 unused Assets to reduce memory usage. Loaded Objects now: 2358.
Total: 2.356800 ms (FindLiveObjects: 0.198800 ms CreateObjectMapping: 0.072600 ms MarkObjects: 1.928100 ms  DeleteObjects: 0.155900 ms)

========================================================================
Received Import Request.
  Time since last request: 471.219108 seconds.
  path: Assets/2021-02-11_181525-revolving_sushi_game.png
  artifactKey: Guid(7e796c63cdf33e848aa58975282f0ae1) Importer(815301076,1909f56bfc062723c751e8b465ee728b)
Start importing Assets/2021-02-11_181525-revolving_sushi_game.png using Guid(7e796c63cdf33e848aa58975282f0ae1) Importer(815301076,1909f56bfc062723c751e8b465ee728b)  -> (artifact id: '37cd04001d608a1f5544caf08531c0d0') in 0.072197 seconds
  Import took 0.076238 seconds .

========================================================================
Received Prepare
Refreshing native plugins compatible for Editor in 2.12 ms, found 1 plugins.
Preloading 0 native plugins for Editor in 0.00 ms.
Unloading 10 Unused Serialized files (Serialized files now loaded: 0)
System memory in use before: 54.2 MB.
System memory in use after: 54.3 MB.

Unloading 10 unused Assets to reduce memory usage. Loaded Objects now: 2359.
Total: 2.517300 ms (FindLiveObjects: 0.236200 ms CreateObjectMapping: 0.058600 ms MarkObjects: 2.069200 ms  DeleteObjects: 0.151900 ms)

========================================================================
Received Prepare
Registering precompiled user dll's ...
Registered in 0.001292 seconds.
Begin MonoManager ReloadAssembly
Native extension for WindowsStandalone target not found
Native extension for WebGL target not found
Refreshing native plugins compatible for Editor in 0.37 ms, found 1 plugins.
Preloading 0 native plugins for Editor in 0.00 ms.
Invoked RoslynAnalysisRunner static constructor.
RoslynAnalysisRunner will not be running.
RoslynAnalysisRunner has terminated.
Mono: successfully reloaded assembly
- Completed reload, in  1.554 seconds
Platform modules already initialized, skipping
Refreshing native plugins compatible for Editor in 0.43 ms, found 1 plugins.
Preloading 0 native plugins for Editor in 0.00 ms.
Unloading 1796 Unused Serialized files (Serialized files now loaded: 0)
System memory in use before: 89.6 MB.
System memory in use after: 89.6 MB.

Unloading 12 unused Assets to reduce memory usage. Loaded Objects now: 2362.
Total: 3.200100 ms (FindLiveObjects: 0.221400 ms CreateObjectMapping: 0.230100 ms MarkObjects: 2.628300 ms  DeleteObjects: 0.118700 ms)

========================================================================
Received Prepare
Registering precompiled user dll's ...
Registered in 0.001092 seconds.
Begin MonoManager ReloadAssembly
Native extension for WindowsStandalone target not found
Native extension for WebGL target not found
Refreshing native plugins compatible for Editor in 0.38 ms, found 1 plugins.
Preloading 0 native plugins for Editor in 0.00 ms.
Invoked RoslynAnalysisRunner static constructor.
RoslynAnalysisRunner will not be running.
RoslynAnalysisRunner has terminated.
Mono: successfully reloaded assembly
- Completed reload, in  0.993 seconds
Platform modules already initialized, skipping
Refreshing native plugins compatible for Editor in 0.36 ms, found 1 plugins.
Preloading 0 native plugins for Editor in 0.00 ms.
Unloading 1796 Unused Serialized files (Serialized files now loaded: 0)
System memory in use before: 89.7 MB.
System memory in use after: 89.7 MB.

Unloading 12 unused Assets to reduce memory usage. Loaded Objects now: 2365.
Total: 2.346800 ms (FindLiveObjects: 0.230700 ms CreateObjectMapping: 0.096600 ms MarkObjects: 1.906300 ms  DeleteObjects: 0.111800 ms)

========================================================================
Received Import Request.
  Time since last request: 1416.652485 seconds.
  path: Assets/Prefabs/Sushi_4 Variant.prefab
  artifactKey: Guid(4e566295b5472f64685f92a8f65e58dd) Importer(815301076,1909f56bfc062723c751e8b465ee728b)
Start importing Assets/Prefabs/Sushi_4 Variant.prefab using Guid(4e566295b5472f64685f92a8f65e58dd) Importer(815301076,1909f56bfc062723c751e8b465ee728b)  -> (artifact id: '434c3b42692fb538c12c607e9fdafedc') in 0.071673 seconds
  Import took 0.076625 seconds .

========================================================================
Received Import Request.
  Time since last request: 0.000151 seconds.
  path: Assets/Prefabs/Sushi_2 Variant.prefab
  artifactKey: Guid(d9220c3de445b10469b4e791139b052f) Importer(815301076,1909f56bfc062723c751e8b465ee728b)
Start importing Assets/Prefabs/Sushi_2 Variant.prefab using Guid(d9220c3de445b10469b4e791139b052f) Importer(815301076,1909f56bfc062723c751e8b465ee728b)  -> (artifact id: '47bbac05f03e7588f0873326b9b1a8a6') in 0.024559 seconds
  Import took 0.027950 seconds .

========================================================================
Received Import Request.
  Time since last request: 0.000173 seconds.
  path: Assets/Prefabs/Sushi_3 Variant.prefab
  artifactKey: Guid(6679c30b3e9d0254193a7b69044a6fae) Importer(815301076,1909f56bfc062723c751e8b465ee728b)
Start importing Assets/Prefabs/Sushi_3 Variant.prefab using Guid(6679c30b3e9d0254193a7b69044a6fae) Importer(815301076,1909f56bfc062723c751e8b465ee728b)  -> (artifact id: 'e708b234dabf0aedb49a11218b72c12c') in 0.020795 seconds
  Import took 0.023888 seconds .

========================================================================
Received Import Request.
  Time since last request: 0.000458 seconds.
  path: Assets/Prefabs/Sushi_1.prefab
  artifactKey: Guid(487b14d4dac31954f940ccb65ac09afc) Importer(815301076,1909f56bfc062723c751e8b465ee728b)
Start importing Assets/Prefabs/Sushi_1.prefab using Guid(487b14d4dac31954f940ccb65ac09afc) Importer(815301076,1909f56bfc062723c751e8b465ee728b)  -> (artifact id: 'e6024de5245de420d20eee4e84759e9d') in 0.018398 seconds
  Import took 0.021846 seconds .

========================================================================
Received Import Request.
  Time since last request: 0.000160 seconds.
  path: Assets/Prefabs/Sushi_3 Variant.prefab
  artifactKey: Guid(6679c30b3e9d0254193a7b69044a6fae) Importer(815301076,1909f56bfc062723c751e8b465ee728b)
Start importing Assets/Prefabs/Sushi_3 Variant.prefab using Guid(6679c30b3e9d0254193a7b69044a6fae) Importer(815301076,1909f56bfc062723c751e8b465ee728b)  -> (artifact id: 'e708b234dabf0aedb49a11218b72c12c') in 0.013694 seconds
  Import took 0.016615 seconds .

========================================================================
Received Prepare
Registering precompiled user dll's ...
Registered in 0.001254 seconds.
Begin MonoManager ReloadAssembly
Native extension for WindowsStandalone target not found
Native extension for WebGL target not found
Refreshing native plugins compatible for Editor in 0.58 ms, found 1 plugins.
Preloading 0 native plugins for Editor in 0.00 ms.
Invoked RoslynAnalysisRunner static constructor.
RoslynAnalysisRunner will not be running.
RoslynAnalysisRunner has terminated.
Mono: successfully reloaded assembly
- Completed reload, in  1.317 seconds
Platform modules already initialized, skipping
Refreshing native plugins compatible for Editor in 0.37 ms, found 1 plugins.
Preloading 0 native plugins for Editor in 0.00 ms.
Unloading 1796 Unused Serialized files (Serialized files now loaded: 0)
System memory in use before: 89.8 MB.
System memory in use after: 89.8 MB.

Unloading 12 unused Assets to reduce memory usage. Loaded Objects now: 2369.
Total: 2.220000 ms (FindLiveObjects: 0.199400 ms CreateObjectMapping: 0.067700 ms MarkObjects: 1.842800 ms  DeleteObjects: 0.108800 ms)

========================================================================
Received Import Request.
  Time since last request: 89.957429 seconds.
  path: Assets/Animations/Theodore.controller
  artifactKey: Guid(020eb921f4698ae458cda017a3b82754) Importer(815301076,1909f56bfc062723c751e8b465ee728b)
Start importing Assets/Animations/Theodore.controller using Guid(020eb921f4698ae458cda017a3b82754) Importer(815301076,1909f56bfc062723c751e8b465ee728b)  -> (artifact id: '0b4ea87f900bc6209a78a8f822aae1df') in 0.038552 seconds
  Import took 0.043807 seconds .

========================================================================
Received Prepare
Registering precompiled user dll's ...
Registered in 0.001355 seconds.
Begin MonoManager ReloadAssembly
Native extension for WindowsStandalone target not found
Native extension for WebGL target not found
Refreshing native plugins compatible for Editor in 0.37 ms, found 1 plugins.
Preloading 0 native plugins for Editor in 0.00 ms.
Invoked RoslynAnalysisRunner static constructor.
RoslynAnalysisRunner will not be running.
RoslynAnalysisRunner has terminated.
Mono: successfully reloaded assembly
- Completed reload, in  0.991 seconds
Platform modules already initialized, skipping
Refreshing native plugins compatible for Editor in 0.35 ms, found 1 plugins.
Preloading 0 native plugins for Editor in 0.00 ms.
Unloading 1796 Unused Serialized files (Serialized files now loaded: 0)
System memory in use before: 89.9 MB.
System memory in use after: 89.9 MB.

Unloading 12 unused Assets to reduce memory usage. Loaded Objects now: 2372.
Total: 2.429100 ms (FindLiveObjects: 0.260900 ms CreateObjectMapping: 0.082900 ms MarkObjects: 1.955300 ms  DeleteObjects: 0.128000 ms)

========================================================================
Received Prepare
Registering precompiled user dll's ...
Registered in 0.001380 seconds.
Begin MonoManager ReloadAssembly
Native extension for WindowsStandalone target not found
Native extension for WebGL target not found
Refreshing native plugins compatible for Editor in 0.45 ms, found 1 plugins.
Preloading 0 native plugins for Editor in 0.00 ms.
Invoked RoslynAnalysisRunner static constructor.
RoslynAnalysisRunner will not be running.
RoslynAnalysisRunner has terminated.
Mono: successfully reloaded assembly
- Completed reload, in  1.054 seconds
Platform modules already initialized, skipping
Refreshing native plugins compatible for Editor in 0.36 ms, found 1 plugins.
Preloading 0 native plugins for Editor in 0.00 ms.
Unloading 1796 Unused Serialized files (Serialized files now loaded: 0)
System memory in use before: 90.1 MB.
System memory in use after: 90.1 MB.

Unloading 12 unused Assets to reduce memory usage. Loaded Objects now: 2375.
Total: 2.033000 ms (FindLiveObjects: 0.205200 ms CreateObjectMapping: 0.077600 ms MarkObjects: 1.640900 ms  DeleteObjects: 0.108000 ms)

========================================================================
Received Prepare
Registering precompiled user dll's ...
Registered in 0.001318 seconds.
Begin MonoManager ReloadAssembly
Native extension for WindowsStandalone target not found
Native extension for WebGL target not found
Refreshing native plugins compatible for Editor in 5.96 ms, found 1 plugins.
Preloading 0 native plugins for Editor in 0.00 ms.
Invoked RoslynAnalysisRunner static constructor.
RoslynAnalysisRunner will not be running.
RoslynAnalysisRunner has terminated.
Mono: successfully reloaded assembly
- Completed reload, in  1.759 seconds
Platform modules already initialized, skipping
Refreshing native plugins compatible for Editor in 0.55 ms, found 1 plugins.
Preloading 0 native plugins for Editor in 0.00 ms.
Unloading 1796 Unused Serialized files (Serialized files now loaded: 0)
System memory in use before: 90.2 MB.
System memory in use after: 90.2 MB.

Unloading 12 unused Assets to reduce memory usage. Loaded Objects now: 2378.
Total: 3.585900 ms (FindLiveObjects: 0.660200 ms CreateObjectMapping: 0.176100 ms MarkObjects: 2.560700 ms  DeleteObjects: 0.186800 ms)

========================================================================
Received Prepare
Refreshing native plugins compatible for Editor in 1.89 ms, found 1 plugins.
Preloading 0 native plugins for Editor in 0.00 ms.
Unloading 10 Unused Serialized files (Serialized files now loaded: 0)
System memory in use before: 55.0 MB.
System memory in use after: 55.0 MB.

Unloading 10 unused Assets to reduce memory usage. Loaded Objects now: 2378.
Total: 2.922800 ms (FindLiveObjects: 0.246500 ms CreateObjectMapping: 0.074500 ms MarkObjects: 2.436800 ms  DeleteObjects: 0.163000 ms)

AssetImportWorkerClient::OnTransportError - code=2 error=End of file
